<?xml version="1.0" encoding="UTF-8"?>
<coverage generated="1773196153180" clover="3.2.0">
  <project timestamp="1773196153181" name="All files">
    <metrics statements="32" coveredstatements="28" conditionals="12" coveredconditionals="9" methods="5" coveredmethods="5" elements="49" coveredelements="42" complexity="0" loc="32" ncloc="32" packages="1" files="1" classes="1"/>
    <file name="login.jsx" path="/Users/aidanlui/csc307-team5/packages/react-frontend/src/login.jsx">
      <metrics statements="32" coveredstatements="28" conditionals="12" coveredconditionals="9" methods="5" coveredmethods="5"/>
      <line num="6" count="1" type="stmt"/>
      <line num="9" count="20" type="stmt"/>
      <line num="10" count="20" type="stmt"/>
      <line num="11" count="20" type="stmt"/>
      <line num="12" count="20" type="stmt"/>
      <line num="13" count="20" type="stmt"/>
      <line num="16" count="3" type="stmt"/>
      <line num="17" count="3" type="stmt"/>
      <line num="18" count="3" type="stmt"/>
      <line num="20" count="3" type="stmt"/>
      <line num="22" count="3" type="stmt"/>
      <line num="23" count="3" type="stmt"/>
      <line num="29" count="2" type="cond" truecount="2" falsecount="0"/>
      <line num="30" count="1" type="stmt"/>
      <line num="31" count="1" type="cond" truecount="1" falsecount="1"/>
      <line num="32" count="1" type="stmt"/>
      <line num="35" count="1" type="stmt"/>
      <line num="36" count="1" type="cond" truecount="1" falsecount="1"/>
      <line num="37" count="0" type="stmt"/>
      <line num="38" count="0" type="stmt"/>
      <line num="41" count="1" type="stmt"/>
      <line num="45" count="1" type="cond" truecount="1" falsecount="1"/>
      <line num="46" count="0" type="stmt"/>
      <line num="47" count="0" type="stmt"/>
      <line num="50" count="1" type="stmt"/>
      <line num="51" count="1" type="stmt"/>
      <line num="53" count="1" type="stmt"/>
      <line num="55" count="3" type="stmt"/>
      <line num="59" count="20" type="stmt"/>
      <line num="78" count="4" type="stmt"/>
      <line num="87" count="4" type="stmt"/>
      <line num="111" count="1" type="stmt"/>
    </file>
  </project>
</coverage>
