{
  "/Users/aidanlui/csc307-team5/packages/react-frontend/src/login.jsx": {
    "path": "/Users/aidanlui/csc307-team5/packages/react-frontend/src/login.jsx",
    "statementMap": {
      "0": {
        "start": { "line": 6, "column": 20 },
        "end": { "line": 6, "column": 29 }
      },
      "1": {
        "start": { "line": 9, "column": 19 },
        "end": { "line": 9, "column": 32 }
      },
      "2": {
        "start": { "line": 10, "column": 28 },
        "end": { "line": 10, "column": 40 }
      },
      "3": {
        "start": { "line": 11, "column": 34 },
        "end": { "line": 11, "column": 46 }
      },
      "4": {
        "start": { "line": 12, "column": 28 },
        "end": { "line": 12, "column": 40 }
      },
      "5": {
        "start": { "line": 13, "column": 32 },
        "end": { "line": 13, "column": 47 }
      },
      "6": {
        "start": { "line": 16, "column": 4 },
        "end": { "line": 16, "column": 23 }
      },
      "7": {
        "start": { "line": 17, "column": 4 },
        "end": { "line": 17, "column": 17 }
      },
      "8": {
        "start": { "line": 18, "column": 4 },
        "end": { "line": 18, "column": 21 }
      },
      "9": {
        "start": { "line": 20, "column": 4 },
        "end": { "line": 20, "column": 17 }
      },
      "10": {
        "start": { "line": 22, "column": 4 },
        "end": { "line": 56, "column": 5 }
      },
      "11": {
        "start": { "line": 23, "column": 18 },
        "end": { "line": 27, "column": 8 }
      },
      "12": {
        "start": { "line": 29, "column": 6 },
        "end": { "line": 33, "column": 7 }
      },
      "13": {
        "start": { "line": 30, "column": 20 },
        "end": { "line": 30, "column": 36 }
      },
      "14": {
        "start": { "line": 31, "column": 8 },
        "end": { "line": 31, "column": 54 }
      },
      "15": {
        "start": { "line": 32, "column": 8 },
        "end": { "line": 32, "column": 15 }
      },
      "16": {
        "start": { "line": 35, "column": 19 },
        "end": { "line": 35, "column": 35 }
      },
      "17": {
        "start": { "line": 36, "column": 6 },
        "end": { "line": 39, "column": 7 }
      },
      "18": {
        "start": { "line": 37, "column": 8 },
        "end": { "line": 37, "column": 51 }
      },
      "19": {
        "start": { "line": 38, "column": 8 },
        "end": { "line": 38, "column": 15 }
      },
      "20": {
        "start": { "line": 41, "column": 24 },
        "end": { "line": 43, "column": 8 }
      },
      "21": {
        "start": { "line": 45, "column": 6 },
        "end": { "line": 48, "column": 7 }
      },
      "22": {
        "start": { "line": 46, "column": 8 },
        "end": { "line": 46, "column": 47 }
      },
      "23": {
        "start": { "line": 47, "column": 8 },
        "end": { "line": 47, "column": 15 }
      },
      "24": {
        "start": { "line": 50, "column": 6 },
        "end": { "line": 50, "column": 28 }
      },
      "25": {
        "start": { "line": 51, "column": 6 },
        "end": { "line": 51, "column": 28 }
      },
      "26": {
        "start": { "line": 53, "column": 6 },
        "end": { "line": 53, "column": 57 }
      },
      "27": {
        "start": { "line": 55, "column": 6 },
        "end": { "line": 55, "column": 24 }
      },
      "28": {
        "start": { "line": 59, "column": 2 },
        "end": { "line": 125, "column": 4 }
      },
      "29": {
        "start": { "line": 78, "column": 29 },
        "end": { "line": 78, "column": 53 }
      },
      "30": {
        "start": { "line": 87, "column": 29 },
        "end": { "line": 87, "column": 56 }
      },
      "31": {
        "start": { "line": 111, "column": 25 },
        "end": { "line": 111, "column": 44 }
      }
    },
    "fnMap": {
      "0": {
        "name": "Login",
        "decl": {
          "start": { "line": 8, "column": 24 },
          "end": { "line": 8, "column": 29 }
        },
        "loc": {
          "start": { "line": 8, "column": 32 },
          "end": { "line": 126, "column": 1 }
        },
        "line": 8
      },
      "1": {
        "name": "handleLogin",
        "decl": {
          "start": { "line": 15, "column": 17 },
          "end": { "line": 15, "column": 28 }
        },
        "loc": {
          "start": { "line": 15, "column": 32 },
          "end": { "line": 57, "column": 3 }
        },
        "line": 15
      },
      "2": {
        "name": "(anonymous_2)",
        "decl": {
          "start": { "line": 78, "column": 22 },
          "end": { "line": 78, "column": 23 }
        },
        "loc": {
          "start": { "line": 78, "column": 29 },
          "end": { "line": 78, "column": 53 }
        },
        "line": 78
      },
      "3": {
        "name": "(anonymous_3)",
        "decl": {
          "start": { "line": 87, "column": 22 },
          "end": { "line": 87, "column": 23 }
        },
        "loc": {
          "start": { "line": 87, "column": 29 },
          "end": { "line": 87, "column": 56 }
        },
        "line": 87
      },
      "4": {
        "name": "(anonymous_4)",
        "decl": {
          "start": { "line": 111, "column": 19 },
          "end": { "line": 111, "column": 20 }
        },
        "loc": {
          "start": { "line": 111, "column": 25 },
          "end": { "line": 111, "column": 44 }
        },
        "line": 111
      }
    },
    "branchMap": {
      "0": {
        "loc": {
          "start": { "line": 29, "column": 6 },
          "end": { "line": 33, "column": 7 }
        },
        "type": "if",
        "locations": [
          {
            "start": { "line": 29, "column": 6 },
            "end": { "line": 33, "column": 7 }
          },
          { "start": {}, "end": {} }
        ],
        "line": 29
      },
      "1": {
        "loc": {
          "start": { "line": 31, "column": 17 },
          "end": { "line": 31, "column": 52 }
        },
        "type": "binary-expr",
        "locations": [
          {
            "start": { "line": 31, "column": 17 },
            "end": { "line": 31, "column": 20 }
          },
          {
            "start": { "line": 31, "column": 24 },
            "end": { "line": 31, "column": 52 }
          }
        ],
        "line": 31
      },
      "2": {
        "loc": {
          "start": { "line": 36, "column": 6 },
          "end": { "line": 39, "column": 7 }
        },
        "type": "if",
        "locations": [
          {
            "start": { "line": 36, "column": 6 },
            "end": { "line": 39, "column": 7 }
          },
          { "start": {}, "end": {} }
        ],
        "line": 36
      },
      "3": {
        "loc": {
          "start": { "line": 45, "column": 6 },
          "end": { "line": 48, "column": 7 }
        },
        "type": "if",
        "locations": [
          {
            "start": { "line": 45, "column": 6 },
            "end": { "line": 48, "column": 7 }
          },
          { "start": {}, "end": {} }
        ],
        "line": 45
      },
      "4": {
        "loc": {
          "start": { "line": 69, "column": 9 },
          "end": { "line": 69, "column": 60 }
        },
        "type": "binary-expr",
        "locations": [
          {
            "start": { "line": 69, "column": 9 },
            "end": { "line": 69, "column": 14 }
          },
          {
            "start": { "line": 69, "column": 18 },
            "end": { "line": 69, "column": 60 }
          }
        ],
        "line": 69
      },
      "5": {
        "loc": {
          "start": { "line": 94, "column": 13 },
          "end": { "line": 94, "column": 51 }
        },
        "type": "cond-expr",
        "locations": [
          {
            "start": { "line": 94, "column": 23 },
            "end": { "line": 94, "column": 38 }
          },
          {
            "start": { "line": 94, "column": 41 },
            "end": { "line": 94, "column": 51 }
          }
        ],
        "line": 94
      }
    },
    "s": {
      "0": 1,
      "1": 20,
      "2": 20,
      "3": 20,
      "4": 20,
      "5": 20,
      "6": 3,
      "7": 3,
      "8": 3,
      "9": 3,
      "10": 3,
      "11": 3,
      "12": 2,
      "13": 1,
      "14": 1,
      "15": 1,
      "16": 1,
      "17": 1,
      "18": 0,
      "19": 0,
      "20": 1,
      "21": 1,
      "22": 0,
      "23": 0,
      "24": 1,
      "25": 1,
      "26": 1,
      "27": 3,
      "28": 20,
      "29": 4,
      "30": 4,
      "31": 1
    },
    "f": { "0": 20, "1": 3, "2": 4, "3": 4, "4": 1 },
    "b": {
      "0": [1, 1],
      "1": [1, 0],
      "2": [0, 1],
      "3": [0, 1],
      "4": [20, 2],
      "5": [3, 17]
    },
    "_coverageSchema": "1a1c01bbd47fc00a2c39e90264f33305004495a9",
    "hash": "ab283059da114925b7ae619ce9022879fdef75dc"
  }
}
