TN:
SF:src/login.jsx
FN:8,Login
FN:15,handleLogin
FN:78,(anonymous_2)
FN:87,(anonymous_3)
FN:111,(anonymous_4)
FNF:5
FNH:5
FNDA:20,Login
FNDA:3,handleLogin
FNDA:4,(anonymous_2)
FNDA:4,(anonymous_3)
FNDA:1,(anonymous_4)
DA:6,1
DA:9,20
DA:10,20
DA:11,20
DA:12,20
DA:13,20
DA:16,3
DA:17,3
DA:18,3
DA:20,3
DA:22,3
DA:23,3
DA:29,2
DA:30,1
DA:31,1
DA:32,1
DA:35,1
DA:36,1
DA:37,0
DA:38,0
DA:41,1
DA:45,1
DA:46,0
DA:47,0
DA:50,1
DA:51,1
DA:53,1
DA:55,3
DA:59,20
DA:78,4
DA:87,4
DA:111,1
LF:32
LH:28
BRDA:29,0,0,1
BRDA:29,0,1,1
BRDA:31,1,0,1
BRDA:31,1,1,0
BRDA:36,2,0,0
BRDA:36,2,1,1
BRDA:45,3,0,0
BRDA:45,3,1,1
BRDA:69,4,0,20
BRDA:69,4,1,2
BRDA:94,5,0,3
BRDA:94,5,1,17
BRF:12
BRH:9
end_of_record
